# JRE version: 7.0_11-b21
# Java VM: Java HotSpot(TM) 64-Bit Server VM (23.6-b04 mixed mode windows-amd64 compressed oops)
Heap
 PSYoungGen      total 35328K, used 29026K [0x00000000fa000000, 0x00000000fcaf0000, 0x0000000100000000)
  eden space 27328K, 84% used [0x00000000fa000000,0x00000000fb6a71f8,0x00000000fbab0000)
  from space 8000K, 72% used [0x00000000fc2d0000,0x00000000fc8816d0,0x00000000fcaa0000)
  to   space 8320K, 0% used [0x00000000fbab0000,0x00000000fbab0000,0x00000000fc2d0000)
 ParOldGen       total 277120K, used 204962K [0x00000000e8000000, 0x00000000f8ea0000, 0x00000000fa000000)
  object space 277120K, 73% used [0x00000000e8000000,0x00000000f48288b0,0x00000000f8ea0000)
 PSPermGen       total 89664K, used 85714K [0x00000000e0000000, 0x00000000e5790000, 0x00000000e8000000)
  object space 89664K, 95% used [0x00000000e0000000,0x00000000e53b48c0,0x00000000e5790000)
GC Heap History (10 events):
Event: 613230.080 GC heap before
{Heap before GC invocations=4521 (full 24):
 PSYoungGen      total 26432K, used 26392K [0x00000000fa000000, 0x00000000fc6d0000, 0x0000000100000000)
  eden space 24000K, 100% used [0x00000000fa000000,0x00000000fb770000,0x00000000fb770000)
  from space 2432K, 98% used [0x00000000fb7a0000,0x00000000fb9f6038,0x00000000fba00000)
  to   space 7872K, 0% used [0x00000000fbf20000,0x00000000fbf20000,0x00000000fc6d0000)
 ParOldGen       total 277120K, used 204898K [0x00000000e8000000, 0x00000000f8ea0000, 0x00000000fa000000)
  object space 277120K, 73% used [0x00000000e8000000,0x00000000f48188b0,0x00000000f8ea0000)
 PSPermGen       total 89664K, used 85701K [0x00000000e0000000, 0x00000000e5790000, 0x00000000e8000000)
  object space 89664K, 95% used [0x00000000e0000000,0x00000000e53b1590,0x00000000e5790000)
Event: 613230.085 GC heap after
Heap after GC invocations=4521 (full 24):
 PSYoungGen      total 31104K, used 2134K [0x00000000fa000000, 0x00000000fc640000, 0x0000000100000000)
  eden space 23808K, 0% used [0x00000000fa000000,0x00000000fa000000,0x00000000fb740000)
  from space 7296K, 29% used [0x00000000fbf20000,0x00000000fc1358c0,0x00000000fc640000)
  to   space 7680K, 0% used [0x00000000fb740000,0x00000000fb740000,0x00000000fbec0000)
 ParOldGen       total 277120K, used 204954K [0x00000000e8000000, 0x00000000f8ea0000, 0x00000000fa000000)
  object space 277120K, 73% used [0x00000000e8000000,0x00000000f48268b0,0x00000000f8ea0000)
 PSPermGen       total 89664K, used 85701K [0x00000000e0000000, 0x00000000e5790000, 0x00000000e8000000)
  object space 89664K, 95% used [0x00000000e0000000,0x00000000e53b1590,0x00000000e5790000)
}
Event: 613231.808 GC heap before
{Heap before GC invocations=4522 (full 24):
 PSYoungGen      total 31104K, used 25942K [0x00000000fa000000, 0x00000000fc640000, 0x0000000100000000)
  eden space 23808K, 100% used [0x00000000fa000000,0x00000000fb740000,0x00000000fb740000)
  from space 7296K, 29% used [0x00000000fbf20000,0x00000000fc1358c0,0x00000000fc640000)
  to   space 7680K, 0% used [0x00000000fb740000,0x00000000fb740000,0x00000000fbec0000)
 ParOldGen       total 277120K, used 204954K [0x00000000e8000000, 0x00000000f8ea0000, 0x00000000fa000000)
  object space 277120K, 73% used [0x00000000e8000000,0x00000000f48268b0,0x00000000f8ea0000)
 PSPermGen       total 89664K, used 85701K [0x00000000e0000000, 0x00000000e5790000, 0x00000000e8000000)
  object space 89664K, 95% used [0x00000000e0000000,0x00000000e53b1590,0x00000000e5790000)
Event: 613231.835 GC heap after
Heap after GC invocations=4522 (full 24):
 PSYoungGen      total 31488K, used 2275K [0x00000000fa000000, 0x00000000fc7c0000, 0x0000000100000000)
  eden space 23808K, 0% used [0x00000000fa000000,0x00000000fa000000,0x00000000fb740000)
  from space 7680K, 29% used [0x00000000fb740000,0x00000000fb978f48,0x00000000fbec0000)
  to   space 7488K, 0% used [0x00000000fc070000,0x00000000fc070000,0x00000000fc7c0000)
 ParOldGen       total 277120K, used 204962K [0x00000000e8000000, 0x00000000f8ea0000, 0x00000000fa000000)
  object space 277120K, 73% used [0x00000000e8000000,0x00000000f48288b0,0x00000000f8ea0000)
 PSPermGen       total 89664K, used 85701K [0x00000000e0000000, 0x00000000e5790000, 0x00000000e8000000)
  object space 89664K, 95% used [0x00000000e0000000,0x00000000e53b1590,0x00000000e5790000)
}
Event: 613233.849 GC heap before
{Heap before GC invocations=4523 (full 24):
 PSYoungGen      total 31488K, used 26083K [0x00000000fa000000, 0x00000000fc7c0000, 0x0000000100000000)
  eden space 23808K, 100% used [0x00000000fa000000,0x00000000fb740000,0x00000000fb740000)
  from space 7680K, 29% used [0x00000000fb740000,0x00000000fb978f48,0x00000000fbec0000)
  to   space 7488K, 0% used [0x00000000fc070000,0x00000000fc070000,0x00000000fc7c0000)
 ParOldGen       total 277120K, used 204962K [0x00000000e8000000, 0x00000000f8ea0000, 0x00000000fa000000)
  object space 277120K, 73% used [0x00000000e8000000,0x00000000f48288b0,0x00000000f8ea0000)
 PSPermGen       total 89664K, used 85711K [0x00000000e0000000, 0x00000000e5790000, 0x00000000e8000000)
  object space 89664K, 95% used [0x00000000e0000000,0x00000000e53b3c48,0x00000000e5790000)
Event: 613233.856 GC heap after
Heap after GC invocations=4523 (full 24):
 PSYoungGen      total 33088K, used 4899K [0x00000000fa000000, 0x00000000fc7e0000, 0x0000000100000000)
  eden space 25600K, 0% used [0x00000000fa000000,0x00000000fa000000,0x00000000fb900000)
  from space 7488K, 65% used [0x00000000fc070000,0x00000000fc538f48,0x00000000fc7c0000)
  to   space 7616K, 0% used [0x00000000fb900000,0x00000000fb900000,0x00000000fc070000)
 ParOldGen       total 277120K, used 204962K [0x00000000e8000000, 0x00000000f8ea0000, 0x00000000fa000000)
  object space 277120K, 73% used [0x00000000e8000000,0x00000000f48288b0,0x00000000f8ea0000)
 PSPermGen       total 89664K, used 85711K [0x00000000e0000000, 0x00000000e5790000, 0x00000000e8000000)
  object space 89664K, 95% used [0x00000000e0000000,0x00000000e53b3c48,0x00000000e5790000)
}
Event: 613234.907 GC heap before
{Heap before GC invocations=4524 (full 24):
 PSYoungGen      total 33088K, used 30480K [0x00000000fa000000, 0x00000000fc7e0000, 0x0000000100000000)
  eden space 25600K, 99% used [0x00000000fa000000,0x00000000fb8fb2a0,0x00000000fb900000)
  from space 7488K, 65% used [0x00000000fc070000,0x00000000fc538f48,0x00000000fc7c0000)
  to   space 7616K, 0% used [0x00000000fb900000,0x00000000fb900000,0x00000000fc070000)
 ParOldGen       total 277120K, used 204962K [0x00000000e8000000, 0x00000000f8ea0000, 0x00000000fa000000)
  object space 277120K, 73% used [0x00000000e8000000,0x00000000f48288b0,0x00000000f8ea0000)
 PSPermGen       total 89664K, used 85714K [0x00000000e0000000, 0x00000000e5790000, 0x00000000e8000000)
  object space 89664K, 95% used [0x00000000e0000000,0x00000000e53b48c0,0x00000000e5790000)
Event: 613234.913 GC heap after
Heap after GC invocations=4524 (full 24):
 PSYoungGen      total 33216K, used 5585K [0x00000000fa000000, 0x00000000fcaa0000, 0x0000000100000000)
  eden space 25600K, 0% used [0x00000000fa000000,0x00000000fa000000,0x00000000fb900000)
  from space 7616K, 73% used [0x00000000fb900000,0x00000000fbe745c8,0x00000000fc070000)
  to   space 8000K, 0% used [0x00000000fc2d0000,0x00000000fc2d0000,0x00000000fcaa0000)
 ParOldGen       total 277120K, used 204962K [0x00000000e8000000, 0x00000000f8ea0000, 0x00000000fa000000)
  object space 277120K, 73% used [0x00000000e8000000,0x00000000f48288b0,0x00000000f8ea0000)
 PSPermGen       total 89664K, used 85714K [0x00000000e0000000, 0x00000000e5790000, 0x00000000e8000000)
  object space 89664K, 95% used [0x00000000e0000000,0x00000000e53b48c0,0x00000000e5790000)
}
Event: 613245.365 GC heap before
{Heap before GC invocations=4525 (full 24):
 PSYoungGen      total 33216K, used 31185K [0x00000000fa000000, 0x00000000fcaa0000, 0x0000000100000000)
  eden space 25600K, 100% used [0x00000000fa000000,0x00000000fb900000,0x00000000fb900000)
  from space 7616K, 73% used [0x00000000fb900000,0x00000000fbe745c8,0x00000000fc070000)
  to   space 8000K, 0% used [0x00000000fc2d0000,0x00000000fc2d0000,0x00000000fcaa0000)
 ParOldGen       total 277120K, used 204962K [0x00000000e8000000, 0x00000000f8ea0000, 0x00000000fa000000)
  object space 277120K, 73% used [0x00000000e8000000,0x00000000f48288b0,0x00000000f8ea0000)
 PSPermGen       total 89664K, used 85714K [0x00000000e0000000, 0x00000000e5790000, 0x00000000e8000000)
  object space 89664K, 95% used [0x00000000e0000000,0x00000000e53b48c0,0x00000000e5790000)
Event: 613245.372 GC heap after
Heap after GC invocations=4525 (full 24):
 PSYoungGen      total 35328K, used 5829K [0x00000000fa000000, 0x00000000fcaf0000, 0x0000000100000000)
  eden space 27328K, 0% used [0x00000000fa000000,0x00000000fa000000,0x00000000fbab0000)
  from space 8000K, 72% used [0x00000000fc2d0000,0x00000000fc8816d0,0x00000000fcaa0000)
  to   space 8320K, 0% used [0x00000000fbab0000,0x00000000fbab0000,0x00000000fc2d0000)
 ParOldGen       total 277120K, used 204962K [0x00000000e8000000, 0x00000000f8ea0000, 0x00000000fa000000)
  object space 277120K, 73% used [0x00000000e8000000,0x00000000f48288b0,0x00000000f8ea0000)
 PSPermGen       total 89664K, used 85714K [0x00000000e0000000, 0x00000000e5790000, 0x00000000e8000000)
  object space 89664K, 95% used [0x00000000e0000000,0x00000000e53b48c0,0x00000000e5790000)
}

